Number of rounds:  1
At timecontrol 120m/30s/100/0/0/0
Giving these settings to all bots:
hash: 50
20s
 +-----------------+
8| r . . . . R r . |
7| . . r . . . . . |
6| . . x . E x . . |
5| . . . . . . . . |
4| r . . . . . . . |
3| . . x . . x . . |
2| . R e . . . . R |
1| . . R . . . . R |
 +-----------------+
   a b c d e f g h  
Fairy wins because of g playing side g
After round 1 and 9s:
Fairy has 1 wins and 0 timeouts
    1 by g
DebugFairyHeuristicNoGoalThreats has 0 wins and 0 timeouts
Number of rounds:  1
At timecontrol 120m/30s/100/0/0/0
Giving these settings to all bots:
hash: 50
12s
 +-----------------+
8| r r R . m r r r |
7| r . . . . d . r |
6| . . x E . x h . |
5| . . . . . . . . |
4| . . . . . . . R |
3| . . x . . x . . |
2| R . . . M e . . |
1| R . R . . . R R |
 +-----------------+
   a b c d e f g h  
DebugFairyHeuristicNoGoalThreats wins because of g playing side g
After round 1 and 3s:
DebugFairyHeuristicNoGoalThreats has 1 wins and 0 timeouts
    1 by g
Fairy has 0 wins and 0 timeouts
Number of rounds:  1
At timecontrol 120m/30s/100/0/0/0
Giving these settings to all bots:
hash: 50
21s
 +-----------------+
8| r . R r . r r . |
7| . . . . . . . r |
6| . . x . E x . . |
5| . . . . . . . . |
4| . . . . . . . . |
3| . . x . . x . . |
2| R . e . . . . R |
1| . . R . . R . R |
 +-----------------+
   a b c d e f g h  
Fairy wins because of g playing side g
After round 1 and 4s:
Fairy has 1 wins and 0 timeouts
    1 by g
DebugFairyHeuristicNoGoalThreats has 0 wins and 0 timeouts
Number of rounds:  1
At timecontrol 120m/30s/100/0/0/0
Giving these settings to all bots:
hash: 50
19s
 +-----------------+
8| r r R . r . . r |
7| . . . . . . . . |
6| . H x . E x . r |
5| . . . . . . . . |
4| . . . . . . . . |
3| . . x . . x . . |
2| . R e . . . . R |
1| . . R . . . . R |
 +-----------------+
   a b c d e f g h  
DebugFairyHeuristicNoGoalThreats wins because of g playing side g
After round 1 and 4s:
DebugFairyHeuristicNoGoalThreats has 1 wins and 0 timeouts
    1 by g
Fairy has 0 wins and 0 timeouts
